<?xml version="1.0" encoding="UTF-8"?>
<testsuite xmlns:xsi="http://www.w3.org/2001/XMLSchema-instance" xsi:noNamespaceSchemaLocation="https://maven.apache.org/surefire/maven-surefire-plugin/xsd/surefire-test-report.xsd" name="com.example.ZKClientTest" time="0.372" tests="6" errors="0" skipped="0" failures="0">
  <properties>
[...]
</properties>
  <testcase name="testGetZNodeData" classname="com.example.ZKClientTest" time="0.04"/>
  <testcase name="testCreate" classname="com.example.ZKClientTest" time="0.011"/>
  <testcase name="testDelete" classname="com.example.ZKClientTest" time="0.011"/>
  <testcase name="testGetZNodeStats" classname="com.example.ZKClientTest" time="0.01"/>
  <testcase name="testGetZNodeChildren" classname="com.example.ZKClientTest" time="0.016"/>
  <testcase name="testUpdate" classname="com.example.ZKClientTest" time="0.019"/>
</testsuite>